<?xml version="1.0" encoding="UTF-8"?>
<!-- Generated by org.testng.reporters.JUnitXMLReporter -->
<testsuite hostname="work-machine" name="Surefire test" tests="6" failures="0" timestamp="12 Jun 2020 17:45:29 GMT" time="122.182" errors="0">
  <testcase name="verify_check_balance_1" time="28.405" classname="com.briozing.automation.suites.CheckBalanceTest"/>
  <testcase name="verify_check_balance_2" time="20.271" classname="com.briozing.automation.suites.CheckBalanceTest"/>
  <testcase name="verify_check_balance_3" time="24.377" classname="com.briozing.automation.suites.CheckBalanceTest"/>
  <testcase name="verify_check_balance_4" time="21.995" classname="com.briozing.automation.suites.CheckBalanceTest"/>
  <testcase name="verify_check_balance_5" time="14.699" classname="com.briozing.automation.suites.CheckBalanceTest"/>
  <testcase name="verify_check_balance_6" time="12.371" classname="com.briozing.automation.suites.CheckBalanceTest"/>
</testsuite> <!-- Surefire test -->
