<?xml version="1.0" encoding="UTF-8"?>
<!-- Generated by org.testng.reporters.JUnitXMLReporter -->
<testsuite hostname="work-machine" name="Surefire test" tests="13" failures="0" timestamp="15 Jun 2020 13:35:46 GMT" time="209.473" errors="0">
  <testcase name="verify_check_balance_1" time="20.565" classname="com.briozing.automation.suites.CheckBalanceTest"/>
  <testcase name="verify_check_balance_10" time="12.596" classname="com.briozing.automation.suites.CheckBalanceTest"/>
  <testcase name="verify_check_balance_11" time="19.833" classname="com.briozing.automation.suites.CheckBalanceTest"/>
  <testcase name="verify_check_balance_12" time="11.201" classname="com.briozing.automation.suites.CheckBalanceTest"/>
  <testcase name="verify_check_balance_13" time="17.698" classname="com.briozing.automation.suites.CheckBalanceTest"/>
  <testcase name="verify_check_balance_2" time="19.755" classname="com.briozing.automation.suites.CheckBalanceTest"/>
  <testcase name="verify_check_balance_3" time="20.95" classname="com.briozing.automation.suites.CheckBalanceTest"/>
  <testcase name="verify_check_balance_4" time="18.139" classname="com.briozing.automation.suites.CheckBalanceTest"/>
  <testcase name="verify_check_balance_5" time="10.464" classname="com.briozing.automation.suites.CheckBalanceTest"/>
  <testcase name="verify_check_balance_6" time="9.366" classname="com.briozing.automation.suites.CheckBalanceTest"/>
  <testcase name="verify_check_balance_7" time="18.276" classname="com.briozing.automation.suites.CheckBalanceTest"/>
  <testcase name="verify_check_balance_8" time="10.755" classname="com.briozing.automation.suites.CheckBalanceTest"/>
  <testcase name="verify_check_balance_9" time="19.854" classname="com.briozing.automation.suites.CheckBalanceTest"/>
</testsuite> <!-- Surefire test -->
