<?xml version="1.0" encoding="UTF-8"?>
<testsuite xmlns:xsi="http://www.w3.org/2001/XMLSchema-instance" xsi:noNamespaceSchemaLocation="https://maven.apache.org/surefire/maven-surefire-plugin/xsd/surefire-test-report.xsd" name="TestSuite" time="14.879" tests="1" errors="0" skipped="0" failures="1">
  <properties>
[...]
</properties>
  <testcase name="verify_check_balance_1" classname="com.briozing.automation.suites.UITests" time="14.544">
    <failure message="no such element: Unable to locate element: {&quot;method&quot;:&quot;xpath&quot;,&quot;selector&quot;:&quot;//button[contains(@class,&apos;chat-bubble-button1&apos;)]&quot;}&#10;  (Session info: chrome=83.0.4103.61)&#10;For documentation on this error, please visit: http://seleniumhq.org/exceptions/no_such_element.html&#10;Build info: version: &apos;3.9.1&apos;, revision: &apos;63f7b50&apos;, time: &apos;2018-02-07T22:25:02.294Z&apos;&#10;System info: host: &apos;work-machine&apos;, ip: &apos;127.0.1.1&apos;, os.name: &apos;Linux&apos;, os.arch: &apos;amd64&apos;, os.version: &apos;5.3.0-55-generic&apos;, java.version: &apos;1.8.0_252&apos;&#10;Driver info: org.openqa.selenium.chrome.ChromeDriver&#10;Capabilities {acceptInsecureCerts: false, browserName: chrome, browserVersion: 83.0.4103.61, chrome: {chromedriverVersion: 83.0.4103.39 (ccbf011cb2d2b..., userDataDir: /tmp/.com.google.Chrome.H3i8Oy}, goog:chromeOptions: {debuggerAddress: localhost:37015}, javascriptEnabled: true, networkConnectionEnabled: false, pageLoadStrategy: normal, platform: LINUX, platformName: LINUX, proxy: Proxy(), setWindowRect: true, strictFileInteractability: false, timeouts: {implicit: 0, pageLoad: 300000, script: 30000}, unhandledPromptBehavior: dismiss and notify, webauthn:virtualAuthenticators: true}&#10;Session ID: 5a822ddfa94a125e1ed4355b1c98deda&#10;*** Element info: {Using=xpath, value=//button[contains(@class,&apos;chat-bubble-button1&apos;)]} expected [true] but found [false]" type="java.lang.AssertionError">java.lang.AssertionError: 
no such element: Unable to locate element: {"method":"xpath","selector":"//button[contains(@class,'chat-bubble-button1')]"}
  (Session info: chrome=83.0.4103.61)
For documentation on this error, please visit: http://seleniumhq.org/exceptions/no_such_element.html
Build info: version: '3.9.1', revision: '63f7b50', time: '2018-02-07T22:25:02.294Z'
System info: host: 'work-machine', ip: '127.0.1.1', os.name: 'Linux', os.arch: 'amd64', os.version: '5.3.0-55-generic', java.version: '1.8.0_252'
Driver info: org.openqa.selenium.chrome.ChromeDriver
Capabilities {acceptInsecureCerts: false, browserName: chrome, browserVersion: 83.0.4103.61, chrome: {chromedriverVersion: 83.0.4103.39 (ccbf011cb2d2b..., userDataDir: /tmp/.com.google.Chrome.H3i8Oy}, goog:chromeOptions: {debuggerAddress: localhost:37015}, javascriptEnabled: true, networkConnectionEnabled: false, pageLoadStrategy: normal, platform: LINUX, platformName: LINUX, proxy: Proxy(), setWindowRect: true, strictFileInteractability: false, timeouts: {implicit: 0, pageLoad: 300000, script: 30000}, unhandledPromptBehavior: dismiss and notify, webauthn:virtualAuthenticators: true}
Session ID: 5a822ddfa94a125e1ed4355b1c98deda
*** Element info: {Using=xpath, value=//button[contains(@class,'chat-bubble-button1')]} expected [true] but found [false]
	at com.briozing.automation.suites.UITests.verify_check_balance_1(UITests.java:36)
</failure>
    <system-out><![CDATA[========== LOG4j Created Automation Log============
========== LOG4j Created BaseTest============
========== LOG4j Created UITests============
========== LOG4j Created UITests============
========== LOG4j Created ValidationHelper============
========== LOG4j Created MethodListener============
INFO  MethodListener  - ==========================================================================================
INFO  MethodListener  - ::::::: START TEST : init :::::::::
INFO  MethodListener  - ==========================================================================================
INFO  UITests  - ====== SettingUp Suite Execution ======
========== LOG4j Created AssertLogger============
========== LOG4j Created AssertLogger============
INFO  AssertLogger  - Verify not null Condition :[true]
INFO  AssertLogger  - Verify not null Condition :[true]
INFO  AssertLogger  -  Verify value of key portal.url should not null Condition :[true]
INFO  MethodListener  - Result: Passed
INFO  MethodListener  - ==========================================================================================
INFO  MethodListener  - ::::::: END TEST : init :::::::::
INFO  MethodListener  - ==========================================================================================
INFO  MethodListener  - ==========================================================================================
INFO  MethodListener  - ::::::: START TEST : verify_check_balance_1 :::::::::
INFO  MethodListener  - ==========================================================================================
ERROR UITests  - no such element: Unable to locate element: {"method":"xpath","selector":"//button[contains(@class,'chat-bubble-button1')]"}
  (Session info: chrome=83.0.4103.61)
For documentation on this error, please visit: http://seleniumhq.org/exceptions/no_such_element.html
Build info: version: '3.9.1', revision: '63f7b50', time: '2018-02-07T22:25:02.294Z'
System info: host: 'work-machine', ip: '127.0.1.1', os.name: 'Linux', os.arch: 'amd64', os.version: '5.3.0-55-generic', java.version: '1.8.0_252'
Driver info: org.openqa.selenium.chrome.ChromeDriver
Capabilities {acceptInsecureCerts: false, browserName: chrome, browserVersion: 83.0.4103.61, chrome: {chromedriverVersion: 83.0.4103.39 (ccbf011cb2d2b..., userDataDir: /tmp/.com.google.Chrome.H3i8Oy}, goog:chromeOptions: {debuggerAddress: localhost:37015}, javascriptEnabled: true, networkConnectionEnabled: false, pageLoadStrategy: normal, platform: LINUX, platformName: LINUX, proxy: Proxy(), setWindowRect: true, strictFileInteractability: false, timeouts: {implicit: 0, pageLoad: 300000, script: 30000}, unhandledPromptBehavior: dismiss and notify, webauthn:virtualAuthenticators: true}
Session ID: 5a822ddfa94a125e1ed4355b1c98deda
*** Element info: {Using=xpath, value=//button[contains(@class,'chat-bubble-button1')]}
INFO  AssertLogger  - no such element: Unable to locate element: {"method":"xpath","selector":"//button[contains(@class,'chat-bubble-button1')]"}
  (Session info: chrome=83.0.4103.61)
For documentation on this error, please visit: http://seleniumhq.org/exceptions/no_such_element.html
Build info: version: '3.9.1', revision: '63f7b50', time: '2018-02-07T22:25:02.294Z'
System info: host: 'work-machine', ip: '127.0.1.1', os.name: 'Linux', os.arch: 'amd64', os.version: '5.3.0-55-generic', java.version: '1.8.0_252'
Driver info: org.openqa.selenium.chrome.ChromeDriver
Capabilities {acceptInsecureCerts: false, browserName: chrome, browserVersion: 83.0.4103.61, chrome: {chromedriverVersion: 83.0.4103.39 (ccbf011cb2d2b..., userDataDir: /tmp/.com.google.Chrome.H3i8Oy}, goog:chromeOptions: {debuggerAddress: localhost:37015}, javascriptEnabled: true, networkConnectionEnabled: false, pageLoadStrategy: normal, platform: LINUX, platformName: LINUX, proxy: Proxy(), setWindowRect: true, strictFileInteractability: false, timeouts: {implicit: 0, pageLoad: 300000, script: 30000}, unhandledPromptBehavior: dismiss and notify, webauthn:virtualAuthenticators: true}
Session ID: 5a822ddfa94a125e1ed4355b1c98deda
*** Element info: {Using=xpath, value=//button[contains(@class,'chat-bubble-button1')]} Condition :[false]
INFO  MethodListener  - Result: Failed
INFO  MethodListener  - ==========================================================================================
INFO  MethodListener  - ::::::: END TEST : verify_check_balance_1 :::::::::
INFO  MethodListener  - ==========================================================================================
]]></system-out>
    <system-err><![CDATA[Jun 09, 2020 9:51:58 PM org.openqa.selenium.remote.DesiredCapabilities chrome
INFO: Using `new ChromeOptions()` is preferred to `DesiredCapabilities.chrome()`
Starting ChromeDriver 83.0.4103.39 (ccbf011cb2d2b19b506d844400483861342c20cd-refs/branch-heads/4103@{#416}) on port 17928
Only local connections are allowed.
Please see https://chromedriver.chromium.org/security-considerations for suggestions on keeping ChromeDriver safe.
ChromeDriver was started successfully.
Jun 09, 2020 9:51:59 PM org.openqa.selenium.remote.ProtocolHandshake createSession
INFO: Detected dialect: W3C
]]></system-err>
  </testcase>
</testsuite>