<?xml version="1.0" encoding="UTF-8"?>
<testsuite xmlns:xsi="http://www.w3.org/2001/XMLSchema-instance" xsi:noNamespaceSchemaLocation="https://maven.apache.org/surefire/maven-surefire-plugin/xsd/surefire-test-report.xsd" name="com.briozing.automation.suites.CheckBalanceTest" time="209.792" tests="13" errors="0" skipped="0" failures="0">
  <properties>
[...]
</properties>
  <testcase name="verify_check_balance_1" classname="com.briozing.automation.suites.CheckBalanceTest" time="20.567"/>
  <testcase name="verify_check_balance_10" classname="com.briozing.automation.suites.CheckBalanceTest" time="12.596"/>
  <testcase name="verify_check_balance_11" classname="com.briozing.automation.suites.CheckBalanceTest" time="19.834"/>
  <testcase name="verify_check_balance_12" classname="com.briozing.automation.suites.CheckBalanceTest" time="11.203"/>
  <testcase name="verify_check_balance_13" classname="com.briozing.automation.suites.CheckBalanceTest" time="17.697"/>
  <testcase name="verify_check_balance_2" classname="com.briozing.automation.suites.CheckBalanceTest" time="19.757"/>
  <testcase name="verify_check_balance_3" classname="com.briozing.automation.suites.CheckBalanceTest" time="20.955"/>
  <testcase name="verify_check_balance_4" classname="com.briozing.automation.suites.CheckBalanceTest" time="18.139"/>
  <testcase name="verify_check_balance_5" classname="com.briozing.automation.suites.CheckBalanceTest" time="10.464"/>
  <testcase name="verify_check_balance_6" classname="com.briozing.automation.suites.CheckBalanceTest" time="9.369"/>
  <testcase name="verify_check_balance_7" classname="com.briozing.automation.suites.CheckBalanceTest" time="18.275"/>
  <testcase name="verify_check_balance_8" classname="com.briozing.automation.suites.CheckBalanceTest" time="10.755"/>
  <testcase name="verify_check_balance_9" classname="com.briozing.automation.suites.CheckBalanceTest" time="19.855"/>
</testsuite>